<?xml version="1.0" encoding="UTF-8"?>
<!-- Generated by org.testng.reporters.JUnitReportReporter -->
<testsuite skipped="0" hostname="ip-172-31-87-20" name="test.LoginPageTest" tests="1" failures="0" timestamp="20 Dec 2021 05:18:25 GMT" time="1.307" errors="0">
  <testcase name="LoginTest" time="1.307" classname="test.LoginPageTest"/>
</testsuite> <!-- test.LoginPageTest -->
